[2022-07-15 01:28:38.257] [exthost] [info] extension host started
[2022-07-15 01:28:38.312] [exthost] [info] ExtensionService#_doActivateExtension vscode.debug-auto-launch {"startup":true,"activationEvent":"*"}
[2022-07-15 01:28:38.312] [exthost] [info] ExtensionService#loadCommonJSModule /usr/share/code/resources/app/extensions/debug-auto-launch/dist/extension
[2022-07-15 01:28:38.361] [exthost] [info] ExtensionService#_doActivateExtension vscode.emmet {"startup":true,"activationEvent":"*"}
[2022-07-15 01:28:38.361] [exthost] [info] ExtensionService#loadCommonJSModule /usr/share/code/resources/app/extensions/emmet/dist/extension
[2022-07-15 01:28:38.403] [exthost] [info] ExtensionService#_doActivateExtension vscode.git {"startup":true,"activationEvent":"*"}
[2022-07-15 01:28:38.404] [exthost] [info] ExtensionService#loadCommonJSModule /usr/share/code/resources/app/extensions/git/dist/main
[2022-07-15 01:28:38.640] [exthost] [info] ExtensionService#_doActivateExtension vscode.merge-conflict {"startup":true,"activationEvent":"*"}
[2022-07-15 01:28:38.640] [exthost] [info] ExtensionService#loadCommonJSModule /usr/share/code/resources/app/extensions/merge-conflict/dist/extension
[2022-07-15 01:28:38.651] [exthost] [info] ExtensionService#_doActivateExtension monokai.theme-monokai-pro-vscode {"startup":true,"activationEvent":"*"}
[2022-07-15 01:28:38.651] [exthost] [info] ExtensionService#loadCommonJSModule /root/.vscode/extensions/monokai.theme-monokai-pro-vscode-1.1.20/js/main
[2022-07-15 01:28:38.675] [exthost] [info] ExtensionService#_doActivateExtension ritwickdey.LiveServer {"startup":true,"activationEvent":"*"}
[2022-07-15 01:28:38.675] [exthost] [info] ExtensionService#loadCommonJSModule /root/.vscode/extensions/ritwickdey.liveserver-5.6.1/out/src/extension
[2022-07-15 01:28:48.909] [exthost] [info] eager extensions activated
[2022-07-15 01:29:13.102] [exthost] [info] extension host started
[2022-07-15 01:29:13.134] [exthost] [info] ExtensionService#_doActivateExtension vscode.debug-auto-launch {"startup":true,"activationEvent":"*"}
[2022-07-15 01:29:13.134] [exthost] [info] ExtensionService#loadCommonJSModule /usr/share/code/resources/app/extensions/debug-auto-launch/dist/extension
[2022-07-15 01:29:13.140] [exthost] [info] ExtensionService#_doActivateExtension vscode.emmet {"startup":true,"activationEvent":"*"}
[2022-07-15 01:29:13.140] [exthost] [info] ExtensionService#loadCommonJSModule /usr/share/code/resources/app/extensions/emmet/dist/extension
[2022-07-15 01:29:13.173] [exthost] [info] ExtensionService#_doActivateExtension vscode.git {"startup":true,"activationEvent":"*"}
[2022-07-15 01:29:13.173] [exthost] [info] ExtensionService#loadCommonJSModule /usr/share/code/resources/app/extensions/git/dist/main
[2022-07-15 01:29:13.490] [exthost] [info] ExtensionService#_doActivateExtension vscode.merge-conflict {"startup":true,"activationEvent":"*"}
[2022-07-15 01:29:13.490] [exthost] [info] ExtensionService#loadCommonJSModule /usr/share/code/resources/app/extensions/merge-conflict/dist/extension
[2022-07-15 01:29:13.525] [exthost] [info] ExtensionService#_doActivateExtension monokai.theme-monokai-pro-vscode {"startup":true,"activationEvent":"*"}
[2022-07-15 01:29:13.526] [exthost] [info] ExtensionService#loadCommonJSModule /root/.vscode/extensions/monokai.theme-monokai-pro-vscode-1.1.20/js/main
[2022-07-15 01:29:13.568] [exthost] [info] ExtensionService#_doActivateExtension ritwickdey.LiveServer {"startup":true,"activationEvent":"*"}
[2022-07-15 01:29:13.568] [exthost] [info] ExtensionService#loadCommonJSModule /root/.vscode/extensions/ritwickdey.liveserver-5.6.1/out/src/extension
[2022-07-15 01:29:14.229] [exthost] [info] eager extensions activated
[2022-07-15 01:29:16.730] [exthost] [info] ExtensionService#_doActivateExtension vscode.php-language-features {"startup":false,"activationEvent":"onLanguage:php"}
[2022-07-15 01:29:16.730] [exthost] [info] ExtensionService#loadCommonJSModule /usr/share/code/resources/app/extensions/php-language-features/dist/phpMain
[2022-07-15 01:29:16.804] [exthost] [info] ExtensionService#_doActivateExtension bmewburn.vscode-intelephense-client {"startup":false,"activationEvent":"onLanguage:php"}
[2022-07-15 01:29:16.804] [exthost] [info] ExtensionService#loadCommonJSModule /root/.vscode/extensions/bmewburn.vscode-intelephense-client-1.2.3/lib/extension
[2022-07-15 01:30:00.743] [exthost] [info] ExtensionService#_doActivateExtension vscode.html-language-features {"startup":false,"activationEvent":"onLanguage:html"}
[2022-07-15 01:30:00.743] [exthost] [info] ExtensionService#loadCommonJSModule /usr/share/code/resources/app/extensions/html-language-features/client/dist/htmlMain
